0 info it worked if it ends with ok
1 verbose cli [ 'node', '/usr/local/bin/npm', 'install', '-g', 'npm' ]
2 info using npm@1.4.21
3 info using node@v0.10.30
4 verbose cache add [ 'npm', null ]
5 verbose cache add name=undefined spec="npm" args=["npm",null]
6 verbose parsed url { protocol: null,
6 verbose parsed url   slashes: null,
6 verbose parsed url   auth: null,
6 verbose parsed url   host: null,
6 verbose parsed url   port: null,
6 verbose parsed url   hostname: null,
6 verbose parsed url   hash: null,
6 verbose parsed url   search: null,
6 verbose parsed url   query: null,
6 verbose parsed url   pathname: 'npm',
6 verbose parsed url   path: 'npm',
6 verbose parsed url   href: 'npm' }
7 silly lockFile 660051d1-npm npm
8 verbose lock npm /Users/Alex/.npm/660051d1-npm.lock
9 silly lockFile 660051d1-npm npm
10 silly lockFile 660051d1-npm npm
11 verbose addNamed [ 'npm', '' ]
12 verbose addNamed [ null, '*' ]
13 silly lockFile 2f990b75-npm npm@
14 verbose lock npm@ /Users/Alex/.npm/2f990b75-npm.lock
15 silly addNameRange { name: 'npm', range: '*', hasData: false }
16 verbose request where is /npm
17 verbose request registry https://registry.npmjs.org/
18 verbose request id 1dce912d0ed322e4
19 verbose url raw /npm
20 verbose url resolving [ 'https://registry.npmjs.org/', './npm' ]
21 verbose url resolved https://registry.npmjs.org/npm
22 verbose request where is https://registry.npmjs.org/npm
23 info trying registry request attempt 1 at 09:45:58
24 http GET https://registry.npmjs.org/npm
25 http 200 https://registry.npmjs.org/npm
26 silly registry.get cb [ 200,
26 silly registry.get   { server: 'CouchDB/1.5.0 (Erlang OTP/R16B03)',
26 silly registry.get     etag: '"93SCYN6R1UTLFGNYLFQRE9811"',
26 silly registry.get     'content-type': 'application/json',
26 silly registry.get     'content-encoding': 'gzip',
26 silly registry.get     'cache-control': 'max-age=300',
26 silly registry.get     'content-length': '684690',
26 silly registry.get     'accept-ranges': 'bytes',
26 silly registry.get     date: 'Thu, 23 Jun 2016 01:45:58 GMT',
26 silly registry.get     via: '1.1 varnish',
26 silly registry.get     age: '190',
26 silly registry.get     connection: 'keep-alive',
26 silly registry.get     'x-served-by': 'cache-itm7422-ITM',
26 silly registry.get     'x-cache': 'HIT',
26 silly registry.get     'x-cache-hits': '1',
26 silly registry.get     'x-timer': 'S1466646358.976585,VS0,VE1',
26 silly registry.get     vary: 'Accept-Encoding' } ]
27 silly addNameRange number 2 { name: 'npm', range: '*', hasData: true }
28 silly addNameRange versions [ 'npm',
28 silly addNameRange   [ '1.1.25',
28 silly addNameRange     '1.2.32',
28 silly addNameRange     '1.3.2',
28 silly addNameRange     '1.3.4',
28 silly addNameRange     '1.2.20',
28 silly addNameRange     '1.2.21',
28 silly addNameRange     '1.2.22',
28 silly addNameRange     '1.2.23',
28 silly addNameRange     '1.2.24',
28 silly addNameRange     '1.2.25',
28 silly addNameRange     '1.2.27',
28 silly addNameRange     '1.2.28',
28 silly addNameRange     '1.2.30',
28 silly addNameRange     '1.2.31',
28 silly addNameRange     '1.3.0',
28 silly addNameRange     '1.3.1',
28 silly addNameRange     '1.2.19',
28 silly addNameRange     '1.1.70',
28 silly addNameRange     '1.1.71',
28 silly addNameRange     '1.3.5',
28 silly addNameRange     '1.3.6',
28 silly addNameRange     '1.3.7',
28 silly addNameRange     '1.3.8',
28 silly addNameRange     '1.3.9',
28 silly addNameRange     '1.3.10',
28 silly addNameRange     '1.3.11',
28 silly addNameRange     '1.3.12',
28 silly addNameRange     '1.3.13',
28 silly addNameRange     '1.3.14',
28 silly addNameRange     '1.3.15',
28 silly addNameRange     '1.3.16',
28 silly addNameRange     '1.3.17',
28 silly addNameRange     '1.3.18',
28 silly addNameRange     '1.3.20',
28 silly addNameRange     '1.3.21',
28 silly addNameRange     '1.3.22',
28 silly addNameRange     '1.3.23',
28 silly addNameRange     '1.3.24',
28 silly addNameRange     '1.3.25',
28 silly addNameRange     '1.3.26',
28 silly addNameRange     '1.4.0',
28 silly addNameRange     '1.4.1',
28 silly addNameRange     '1.4.2',
28 silly addNameRange     '1.4.3',
28 silly addNameRange     '1.4.4',
28 silly addNameRange     '1.4.5',
28 silly addNameRange     '1.4.6',
28 silly addNameRange     '1.4.7',
28 silly addNameRange     '1.4.8',
28 silly addNameRange     '1.4.9',
28 silly addNameRange     '1.4.10',
28 silly addNameRange     '1.4.11',
28 silly addNameRange     '1.4.12',
28 silly addNameRange     '1.4.13',
28 silly addNameRange     '1.4.14',
28 silly addNameRange     '1.4.15',
28 silly addNameRange     '1.4.16',
28 silly addNameRange     '1.2.8000',
28 silly addNameRange     '1.4.17',
28 silly addNameRange     '1.4.18',
28 silly addNameRange     '1.4.19',
28 silly addNameRange     '1.5.0-alpha-0',
28 silly addNameRange     '1.5.0-alpha-1',
28 silly addNameRange     '1.4.20',
28 silly addNameRange     '1.5.0-alpha-2',
28 silly addNameRange     '1.4.21',
28 silly addNameRange     '1.5.0-alpha-3',
28 silly addNameRange     '1.5.0-alpha-4',
28 silly addNameRange     '2.0.0-alpha-5',
28 silly addNameRange     '1.4.22',
28 silly addNameRange     '1.4.23',
28 silly addNameRange     '2.0.0-alpha.6.0',
28 silly addNameRange     '1.4.24',
28 silly addNameRange     '2.0.0-alpha.6',
28 silly addNameRange     '2.0.0-alpha.7',
28 silly addNameRange     '2.0.0-beta.0',
28 silly addNameRange     '1.4.25',
28 silly addNameRange     '2.0.0-beta.1',
28 silly addNameRange     '1.4.26',
28 silly addNameRange     '2.0.0-beta.2',
28 silly addNameRange     '1.4.27',
28 silly addNameRange     '2.0.0-beta.3',
28 silly addNameRange     '1.4.28',
28 silly addNameRange     '2.0.0',
28 silly addNameRange     '2.0.1',
28 silly addNameRange     '2.0.2',
28 silly addNameRange     '2.1.0',
28 silly addNameRange     '2.1.1',
28 silly addNameRange     '2.1.2',
28 silly addNameRange     '2.1.3',
28 silly addNameRange     '2.1.4',
28 silly addNameRange     '2.1.5',
28 silly addNameRange     '2.1.6',
28 silly addNameRange     '2.1.7',
28 silly addNameRange     '2.1.8',
28 silly addNameRange     '2.1.9',
28 silly addNameRange     '2.1.10',
28 silly addNameRange     '2.1.11',
28 silly addNameRange     '2.1.12',
28 silly addNameRange     '2.1.13',
28 silly addNameRange     '2.1.14',
28 silly addNameRange     '2.1.15',
28 silly addNameRange     '2.1.16',
28 silly addNameRange     '2.1.17',
28 silly addNameRange     '2.1.18',
28 silly addNameRange     '2.2.0',
28 silly addNameRange     '2.3.0',
28 silly addNameRange     '2.4.0',
28 silly addNameRange     '2.4.1',
28 silly addNameRange     '2.5.0',
28 silly addNameRange     '2.5.1',
28 silly addNameRange     '2.6.0',
28 silly addNameRange     '2.6.1',
28 silly addNameRange     '2.7.0',
28 silly addNameRange     '2.7.1',
28 silly addNameRange     '2.7.2',
28 silly addNameRange     '2.7.3',
28 silly addNameRange     '2.7.4',
28 silly addNameRange     '2.7.5',
28 silly addNameRange     '2.7.6',
28 silly addNameRange     '2.8.0',
28 silly addNameRange     '2.8.1',
28 silly addNameRange     '2.8.2',
28 silly addNameRange     '2.8.3',
28 silly addNameRange     '2.8.4',
28 silly addNameRange     '2.9.0',
28 silly addNameRange     '2.9.1',
28 silly addNameRange     '2.10.0',
28 silly addNameRange     '2.10.1',
28 silly addNameRange     '2.11.0',
28 silly addNameRange     '2.11.1',
28 silly addNameRange     '2.11.2',
28 silly addNameRange     '2.11.3',
28 silly addNameRange     '2.12.0',
28 silly addNameRange     '3.0.0',
28 silly addNameRange     '2.12.1',
28 silly addNameRange     '2.13.0',
28 silly addNameRange     '3.1.0',
28 silly addNameRange     '2.13.1',
28 silly addNameRange     '3.1.1',
28 silly addNameRange     '3.1.2',
28 silly addNameRange     '2.13.2',
28 silly addNameRange     '3.1.3',
28 silly addNameRange     '2.13.3',
28 silly addNameRange     '3.2.0',
28 silly addNameRange     '2.13.4',
28 silly addNameRange     '3.2.1',
28 silly addNameRange     '2.13.5',
28 silly addNameRange     '3.2.2',
28 silly addNameRange     '2.14.0',
28 silly addNameRange     '3.3.0',
28 silly addNameRange     '2.14.1',
28 silly addNameRange     '2.14.2',
28 silly addNameRange     '3.3.1',
28 silly addNameRange     '2.14.3',
28 silly addNameRange     '3.3.2',
28 silly addNameRange     '2.14.4',
28 silly addNameRange     '3.3.3',
28 silly addNameRange     '2.14.5',
28 silly addNameRange     '3.3.4',
28 silly addNameRange     '2.14.6',
28 silly addNameRange     '3.3.5',
28 silly addNameRange     '3.3.6',
28 silly addNameRange     '2.14.7',
28 silly addNameRange     '2.14.8',
28 silly addNameRange     '3.3.7',
28 silly addNameRange     '3.3.8',
28 silly addNameRange     '3.3.9',
28 silly addNameRange     '3.3.10',
28 silly addNameRange     '2.14.9',
28 silly addNameRange     '3.3.11',
28 silly addNameRange     '1.4.29',
28 silly addNameRange     '3.3.12',
28 silly addNameRange     '2.14.10',
28 silly addNameRange     '3.4.0',
28 silly addNameRange     '3.4.1',
28 silly addNameRange     '2.14.11',
28 silly addNameRange     '2.14.12',
28 silly addNameRange     '3.5.0',
28 silly addNameRange     '3.5.1',
28 silly addNameRange     '2.14.13',
28 silly addNameRange     '2.14.14',
28 silly addNameRange     '3.5.2',
28 silly addNameRange     '2.14.15',
28 silly addNameRange     '3.5.3',
28 silly addNameRange     '3.5.4',
28 silly addNameRange     '3.6.0',
28 silly addNameRange     '2.14.16',
28 silly addNameRange     '2.14.17',
28 silly addNameRange     '3.7.0',
28 silly addNameRange     '3.7.1',
28 silly addNameRange     '3.7.2',
28 silly addNameRange     '2.14.18',
28 silly addNameRange     '3.7.3',
28 silly addNameRange     '2.14.19',
28 silly addNameRange     '2.14.20',
28 silly addNameRange     '3.7.4',
28 silly addNameRange     '3.7.5',
28 silly addNameRange     '2.14.21',
28 silly addNameRange     '3.8.0',
28 silly addNameRange     '2.14.22',
28 silly addNameRange     '3.8.1',
28 silly addNameRange     '3.8.2',
28 silly addNameRange     '2.15.0',
28 silly addNameRange     '2.15.1',
28 silly addNameRange     '3.8.3',
28 silly addNameRange     '2.15.2',
28 silly addNameRange     '3.8.4',
28 silly addNameRange     '3.8.5',
28 silly addNameRange     '3.8.6',
28 silly addNameRange     '2.15.3',
28 silly addNameRange     '3.8.7',
28 silly addNameRange     '2.15.4',
28 silly addNameRange     '3.8.8',
28 silly addNameRange     '3.8.9',
28 silly addNameRange     '2.15.5',
28 silly addNameRange     '3.9.0',
28 silly addNameRange     '3.9.1',
28 silly addNameRange     '2.15.6',
28 silly addNameRange     '3.9.2',
28 silly addNameRange     '3.9.3',
28 silly addNameRange     '3.9.4',
28 silly addNameRange     '3.9.5',
28 silly addNameRange     '3.9.6',
28 silly addNameRange     '3.10.0',
28 silly addNameRange     '2.15.7',
28 silly addNameRange     '3.10.1',
28 silly addNameRange     '2.15.8',
28 silly addNameRange     '3.10.2' ] ]
29 verbose addNamed [ 'npm', '3.9.6' ]
30 verbose addNamed [ '3.9.6', '3.9.6' ]
31 silly lockFile 3d0d40b2-npm-3-9-6 npm@3.9.6
32 verbose lock npm@3.9.6 /Users/Alex/.npm/3d0d40b2-npm-3-9-6.lock
33 silly lockFile 21ed85b7-stry-npmjs-org-npm-npm-3-9-6-tgz https://registry.npmjs.org/npm/-/npm-3.9.6.tgz
34 verbose lock https://registry.npmjs.org/npm/-/npm-3.9.6.tgz /Users/Alex/.npm/21ed85b7-stry-npmjs-org-npm-npm-3-9-6-tgz.lock
35 verbose addRemoteTarball [ 'https://registry.npmjs.org/npm/-/npm-3.9.6.tgz',
35 verbose addRemoteTarball   '0ef1d272a069ad95bdca8b2dfe6fcd82f4b461d7' ]
36 info retry fetch attempt 1 at 09:46:01
37 verbose fetch to= /var/folders/sk/ct04bk0j59qcqh3k1z0wnfch0000gp/T/npm-3882-3bGetP0u/registry.npmjs.org/npm/-/npm-3.9.6.tgz
38 http GET https://registry.npmjs.org/npm/-/npm-3.9.6.tgz
39 http 200 https://registry.npmjs.org/npm/-/npm-3.9.6.tgz
40 silly lockFile 21ed85b7-stry-npmjs-org-npm-npm-3-9-6-tgz https://registry.npmjs.org/npm/-/npm-3.9.6.tgz
41 silly lockFile 21ed85b7-stry-npmjs-org-npm-npm-3-9-6-tgz https://registry.npmjs.org/npm/-/npm-3.9.6.tgz
42 silly lockFile 3d0d40b2-npm-3-9-6 npm@3.9.6
43 silly lockFile 3d0d40b2-npm-3-9-6 npm@3.9.6
44 silly lockFile 2f990b75-npm npm@
45 silly lockFile 2f990b75-npm npm@
46 silly resolved [ { version: '3.9.6',
46 silly resolved     name: 'npm',
46 silly resolved     description: 'a package manager for JavaScript',
46 silly resolved     keywords: [ 'install', 'modules', 'package manager', 'package.json' ],
46 silly resolved     preferGlobal: true,
46 silly resolved     config: { publishtest: false },
46 silly resolved     homepage: 'https://docs.npmjs.com/',
46 silly resolved     author:
46 silly resolved      { name: 'Isaac Z. Schlueter',
46 silly resolved        email: 'i@izs.me',
46 silly resolved        url: 'http://blog.izs.me' },
46 silly resolved     repository: { type: 'git', url: 'git+https://github.com/npm/npm.git' },
46 silly resolved     bugs: { url: 'https://github.com/npm/npm/issues' },
46 silly resolved     directories: { bin: './bin', doc: './doc', lib: './lib', man: './man' },
46 silly resolved     main: './lib/npm.js',
46 silly resolved     bin: { npm: './bin/npm-cli.js' },
46 silly resolved     dependencies:
46 silly resolved      { abbrev: '~1.0.7',
46 silly resolved        ansicolors: '~0.3.2',
46 silly resolved        ansistyles: '~0.1.3',
46 silly resolved        aproba: '~1.0.3',
46 silly resolved        archy: '~1.0.0',
46 silly resolved        chownr: '~1.0.1',
46 silly resolved        'cmd-shim': '~2.0.2',
46 silly resolved        columnify: '~1.5.4',
46 silly resolved        'config-chain': '~1.1.10',
46 silly resolved        dezalgo: '~1.0.3',
46 silly resolved        editor: '~1.0.0',
46 silly resolved        'fs-vacuum': '~1.2.9',
46 silly resolved        'fs-write-stream-atomic': '~1.0.8',
46 silly resolved        fstream: '~1.0.8',
46 silly resolved        'fstream-npm': '~1.1.0',
46 silly resolved        glob: '~7.0.3',
46 silly resolved        'graceful-fs': '~4.1.4',
46 silly resolved        'has-unicode': '~2.0.0',
46 silly resolved        'hosted-git-info': '~2.1.5',
46 silly resolved        iferr: '~0.1.5',
46 silly resolved        inflight: '~1.0.5',
46 silly resolved        inherits: '~2.0.1',
46 silly resolved        ini: '~1.3.4',
46 silly resolved        'init-package-json': '~1.9.4',
46 silly resolved        lockfile: '~1.0.1',
46 silly resolved        'lodash._baseuniq': '~4.6.0',
46 silly resolved        'lodash.clonedeep': '~4.3.2',
46 silly resolved        'lodash.union': '~4.4.0',
46 silly resolved        'lodash.uniq': '~4.3.0',
46 silly resolved        'lodash.without': '~4.2.0',
46 silly resolved        mkdirp: '~0.5.1',
46 silly resolved        'node-gyp': '~3.3.1',
46 silly resolved        nopt: '~3.0.6',
46 silly resolved        'normalize-git-url': '~3.0.2',
46 silly resolved        'normalize-package-data': '~2.3.5',
46 silly resolved        'npm-cache-filename': '~1.0.2',
46 silly resolved        'npm-install-checks': '~3.0.0',
46 silly resolved        'npm-package-arg': '~4.1.1',
46 silly resolved        'npm-registry-client': '~7.1.0',
46 silly resolved        'npm-user-validate': '~0.1.2',
46 silly resolved        npmlog: '~2.0.3',
46 silly resolved        once: '~1.3.3',
46 silly resolved        opener: '~1.4.1',
46 silly resolved        osenv: '~0.1.3',
46 silly resolved        'path-is-inside': '~1.0.1',
46 silly resolved        read: '~1.0.7',
46 silly resolved        'read-cmd-shim': '~1.0.1',
46 silly resolved        'read-installed': '~4.0.3',
46 silly resolved        'read-package-json': '~2.0.4',
46 silly resolved        'read-package-tree': '~5.1.4',
46 silly resolved        'readable-stream': '~2.1.3',
46 silly resolved        'realize-package-specifier': '~3.0.3',
46 silly resolved        request: '~2.72.0',
46 silly resolved        retry: '~0.9.0',
46 silly resolved        rimraf: '~2.5.2',
46 silly resolved        semver: '~5.1.0',
46 silly resolved        sha: '~2.0.1',
46 silly resolved        slide: '~1.1.6',
46 silly resolved        'sorted-object': '~2.0.0',
46 silly resolved        'strip-ansi': '~3.0.1',
46 silly resolved        tar: '~2.2.1',
46 silly resolved        'text-table': '~0.2.0',
46 silly resolved        'uid-number': '0.0.6',
46 silly resolved        umask: '~1.1.0',
46 silly resolved        'unique-filename': '~1.1.0',
46 silly resolved        unpipe: '~1.0.0',
46 silly resolved        'validate-npm-package-name': '~2.2.2',
46 silly resolved        which: '~1.2.9',
46 silly resolved        wrappy: '~1.0.1',
46 silly resolved        'write-file-atomic': '~1.1.4',
46 silly resolved        'ansi-regex': '*',
46 silly resolved        debuglog: '*',
46 silly resolved        imurmurhash: '*',
46 silly resolved        'lodash._baseindexof': '*',
46 silly resolved        'lodash._bindcallback': '*',
46 silly resolved        'lodash._cacheindexof': '*',
46 silly resolved        'lodash._createcache': '*',
46 silly resolved        'lodash._getnative': '*',
46 silly resolved        'lodash.restparam': '*',
46 silly resolved        'readdir-scoped-modules': '*',
46 silly resolved        'validate-npm-package-license': '*' },
46 silly resolved     bundleDependencies:
46 silly resolved      [ 'abbrev',
46 silly resolved        'ansi-regex',
46 silly resolved        'ansicolors',
46 silly resolved        'ansistyles',
46 silly resolved        'aproba',
46 silly resolved        'archy',
46 silly resolved        'chownr',
46 silly resolved        'cmd-shim',
46 silly resolved        'columnify',
46 silly resolved        'config-chain',
46 silly resolved        'debuglog',
46 silly resolved        'dezalgo',
46 silly resolved        'editor',
46 silly resolved        'fs-vacuum',
46 silly resolved        'fs-write-stream-atomic',
46 silly resolved        'fstream',
46 silly resolved        'fstream-npm',
46 silly resolved        'glob',
46 silly resolved        'graceful-fs',
46 silly resolved        'has-unicode',
46 silly resolved        'hosted-git-info',
46 silly resolved        'iferr',
46 silly resolved        'imurmurhash',
46 silly resolved        'inflight',
46 silly resolved        'inherits',
46 silly resolved        'ini',
46 silly resolved        'init-package-json',
46 silly resolved        'lockfile',
46 silly resolved        'lodash._baseindexof',
46 silly resolved        'lodash._baseuniq',
46 silly resolved        'lodash._bindcallback',
46 silly resolved        'lodash._cacheindexof',
46 silly resolved        'lodash._createcache',
46 silly resolved        'lodash._getnative',
46 silly resolved        'lodash.clonedeep',
46 silly resolved        'lodash.restparam',
46 silly resolved        'lodash.union',
46 silly resolved        'lodash.uniq',
46 silly resolved        'lodash.without',
46 silly resolved        'mkdirp',
46 silly resolved        'node-gyp',
46 silly resolved        'nopt',
46 silly resolved        'normalize-git-url',
46 silly resolved        'normalize-package-data',
46 silly resolved        'npm-cache-filename',
46 silly resolved        'npm-install-checks',
46 silly resolved        'npm-package-arg',
46 silly resolved        'npm-registry-client',
46 silly resolved        'npm-user-validate',
46 silly resolved        'npmlog',
46 silly resolved        'once',
46 silly resolved        'opener',
46 silly resolved        'osenv',
46 silly resolved        'path-is-inside',
46 silly resolved        'read',
46 silly resolved        'read-cmd-shim',
46 silly resolved        'read-installed',
46 silly resolved        'read-package-json',
46 silly resolved        'read-package-tree',
46 silly resolved        'readable-stream',
46 silly resolved        'readdir-scoped-modules',
46 silly resolved        'realize-package-specifier',
46 silly resolved        'request',
46 silly resolved        'retry',
46 silly resolved        'rimraf',
46 silly resolved        'semver',
46 silly resolved        'sha',
46 silly resolved        'slide',
46 silly resolved        'sorted-object',
46 silly resolved        'strip-ansi',
46 silly resolved        'tar',
46 silly resolved        'text-table',
46 silly resolved        'uid-number',
46 silly resolved        'umask',
46 silly resolved        'unique-filename',
46 silly resolved        'unpipe',
46 silly resolved        'validate-npm-package-license',
46 silly resolved        'validate-npm-package-name',
46 silly resolved        'which',
46 silly resolved        'wrappy',
46 silly resolved        'write-file-atomic' ],
46 silly resolved     devDependencies:
46 silly resolved      { 'deep-equal': '~1.0.1',
46 silly resolved        marked: '~0.3.5',
46 silly resolved        'marked-man': '~0.1.5',
46 silly resolved        'npm-registry-couchapp': '~2.6.12',
46 silly resolved        'npm-registry-mock': '~1.0.1',
46 silly resolved        'require-inject': '~1.3.1',
46 silly resolved        'sprintf-js': '~1.0.3',
46 silly resolved        standard: '~6.0.8',
46 silly resolved        tacks: '~1.2.1',
46 silly resolved        tap: '~5.7.1' },
46 silly resolved     scripts:
46 silly resolved      { dumpconf: 'env | grep npm | sort | uniq',
46 silly resolved        prepublish: 'node bin/npm-cli.js prune --prefix=. --no-global && rimraf test/*/*/node_modules && make doc-clean && make -j4 doc',
46 silly resolved        preversion: 'bash scripts/update-authors.sh && git add AUTHORS && git commit -m "update AUTHORS" || true',
46 silly resolved        tap: 'tap --coverage --reporter=classic --timeout 300',
46 silly resolved        test: 'standard && npm run test-tap',
46 silly resolved        'test-tap': 'npm run tap -- "test/tap/*.js"',
46 silly resolved        'test-node': '"$NODE" "node_modules/.bin/tap" --timeout 240 "test/tap/*.js"' },
46 silly resolved     license: 'Artistic-2.0',
46 silly resolved     contributors:
46 silly resolved      [ [Object],
46 silly resolved        [Object],
46 silly resolved        [Object],
46 silly resolved        [Object],
46 silly resolved        [Object],
46 silly resolved        [Object],
46 silly resolved        [Object],
46 silly resolved        [Object],
46 silly resolved        [Object],
46 silly resolved        [Object],
46 silly resolved        [Object],
46 silly resolved        [Object],
46 silly resolved        [Object],
46 silly resolved        [Object],
46 silly resolved        [Object],
46 silly resolved        [Object],
46 silly resolved        [Object],
46 silly resolved        [Object],
46 silly resolved        [Object],
46 silly resolved        [Object],
46 silly resolved        [Object],
46 silly resolved        [Object],
46 silly resolved        [Object],
46 silly resolved        [Object],
46 silly resolved        [Object],
46 silly resolved        [Object],
46 silly resolved        [Object],
46 silly resolved        [Object],
46 silly resolved        [Object],
46 silly resolved        [Object],
46 silly resolved        [Object],
46 silly resolved        [Object],
46 silly resolved        [Object],
46 silly resolved        [Object],
46 silly resolved        [Object],
46 silly resolved        [Object],
46 silly resolved        [Object],
46 silly resolved        [Object],
46 silly resolved        [Object],
46 silly resolved        [Object],
46 silly resolved        [Object],
46 silly resolved        [Object],
46 silly resolved        [Object],
46 silly resolved        [Object],
46 silly resolved        [Object],
46 silly resolved        [Object],
46 silly resolved        [Object],
46 silly resolved        [Object],
46 silly resolved        [Object],
46 silly resolved        [Object],
46 silly resolved        [Object],
46 silly resolved        [Object],
46 silly resolved        [Object],
46 silly resolved        [Object],
46 silly resolved        [Object],
46 silly resolved        [Object],
46 silly resolved        [Object],
46 silly resolved        [Object],
46 silly resolved        [Object],
46 silly resolved        [Object],
46 silly resolved        [Object],
46 silly resolved        [Object],
46 silly resolved        [Object],
46 silly resolved        [Object],
46 silly resolved        [Object],
46 silly resolved        [Object],
46 silly resolved        [Object],
46 silly resolved        [Object],
46 silly resolved        [Object],
46 silly resolved        [Object],
46 silly resolved        [Object],
46 silly resolved        [Object],
46 silly resolved        [Object],
46 silly resolved        [Object],
46 silly resolved        [Object],
46 silly resolved        [Object],
46 silly resolved        [Object],
46 silly resolved        [Object],
46 silly resolved        [Object],
46 silly resolved        [Object],
46 silly resolved        [Object],
46 silly resolved        [Object],
46 silly resolved        [Object],
46 silly resolved        [Object],
46 silly resolved        [Object],
46 silly resolved        [Object],
46 silly resolved        [Object],
46 silly resolved        [Object],
46 silly resolved        [Object],
46 silly resolved        [Object],
46 silly resolved        [Object],
46 silly resolved        [Object],
46 silly resolved        [Object],
46 silly resolved        [Object],
46 silly resolved        [Object],
46 silly resolved        [Object],
46 silly resolved        [Object],
46 silly resolved        [Object],
46 silly resolved        [Object],
46 silly resolved        [Object],
46 silly resolved        [Object],
46 silly resolved        [Object],
46 silly resolved        [Object],
46 silly resolved        [Object],
46 silly resolved        [Object],
46 silly resolved        [Object],
46 silly resolved        [Object],
46 silly resolved        [Object],
46 silly resolved        [Object],
46 silly resolved        [Object],
46 silly resolved        [Object],
46 silly resolved        [Object],
46 silly resolved        [Object],
46 silly resolved        [Object],
46 silly resolved        [Object],
46 silly resolved        [Object],
46 silly resolved        [Object],
46 silly resolved        [Object],
46 silly resolved        [Object],
46 silly resolved        [Object],
46 silly resolved        [Object],
46 silly resolved        [Object],
46 silly resolved        [Object],
46 silly resolved        [Object],
46 silly resolved        [Object],
46 silly resolved        [Object],
46 silly resolved        [Object],
46 silly resolved        [Object],
46 silly resolved        [Object],
46 silly resolved        [Object],
46 silly resolved        [Object],
46 silly resolved        [Object],
46 silly resolved        [Object],
46 silly resolved        [Object],
46 silly resolved        [Object],
46 silly resolved        [Object],
46 silly resolved        [Object],
46 silly resolved        [Object],
46 silly resolved        [Object],
46 silly resolved        [Object],
46 silly resolved        [Object],
46 silly resolved        [Object],
46 silly resolved        [Object],
46 silly resolved        [Object],
46 silly resolved        [Object],
46 silly resolved        [Object],
46 silly resolved        [Object],
46 silly resolved        [Object],
46 silly resolved        [Object],
46 silly resolved        [Object],
46 silly resolved        [Object],
46 silly resolved        [Object],
46 silly resolved        [Object],
46 silly resolved        [Object],
46 silly resolved        [Object],
46 silly resolved        [Object],
46 silly resolved        [Object],
46 silly resolved        [Object],
46 silly resolved        [Object],
46 silly resolved        [Object],
46 silly resolved        [Object],
46 silly resolved        [Object],
46 silly resolved        [Object],
46 silly resolved        [Object],
46 silly resolved        [Object],
46 silly resolved        [Object],
46 silly resolved        [Object],
46 silly resolved        [Object],
46 silly resolved        [Object],
46 silly resolved        [Object],
46 silly resolved        [Object],
46 silly resolved        [Object],
46 silly resolved        [Object],
46 silly resolved        [Object],
46 silly resolved        [Object],
46 silly resolved        [Object],
46 silly resolved        [Object],
46 silly resolved        [Object],
46 silly resolved        [Object],
46 silly resolved        [Object],
46 silly resolved        [Object],
46 silly resolved        [Object],
46 silly resolved        [Object],
46 silly resolved        [Object],
46 silly resolved        [Object],
46 silly resolved        [Object],
46 silly resolved        [Object],
46 silly resolved        [Object],
46 silly resolved        [Object],
46 silly resolved        [Object],
46 silly resolved        [Object],
46 silly resolved        [Object],
46 silly resolved        [Object],
46 silly resolved        [Object],
46 silly resolved        [Object],
46 silly resolved        [Object],
46 silly resolved        [Object],
46 silly resolved        [Object],
46 silly resolved        [Object],
46 silly resolved        [Object],
46 silly resolved        [Object],
46 silly resolved        [Object],
46 silly resolved        [Object],
46 silly resolved        [Object],
46 silly resolved        [Object],
46 silly resolved        [Object],
46 silly resolved        [Object],
46 silly resolved        [Object],
46 silly resolved        [Object],
46 silly resolved        [Object],
46 silly resolved        [Object],
46 silly resolved        [Object],
46 silly resolved        [Object],
46 silly resolved        [Object],
46 silly resolved        [Object],
46 silly resolved        [Object],
46 silly resolved        [Object],
46 silly resolved        [Object],
46 silly resolved        [Object],
46 silly resolved        [Object],
46 silly resolved        [Object],
46 silly resolved        [Object],
46 silly resolved        [Object],
46 silly resolved        [Object],
46 silly resolved        [Object],
46 silly resolved        [Object],
46 silly resolved        [Object],
46 silly resolved        [Object],
46 silly resolved        [Object],
46 silly resolved        [Object],
46 silly resolved        [Object],
46 silly resolved        [Object],
46 silly resolved        [Object],
46 silly resolved        [Object],
46 silly resolved        [Object],
46 silly resolved        [Object],
46 silly resolved        [Object],
46 silly resolved        [Object],
46 silly resolved        [Object],
46 silly resolved        [Object],
46 silly resolved        [Object],
46 silly resolved        [Object],
46 silly resolved        [Object],
46 silly resolved        [Object],
46 silly resolved        [Object],
46 silly resolved        [Object],
46 silly resolved        [Object],
46 silly resolved        [Object],
46 silly resolved        [Object],
46 silly resolved        [Object],
46 silly resolved        [Object],
46 silly resolved        [Object],
46 silly resolved        [Object],
46 silly resolved        [Object],
46 silly resolved        [Object],
46 silly resolved        [Object],
46 silly resolved        [Object],
46 silly resolved        [Object],
46 silly resolved        [Object],
46 silly resolved        [Object],
46 silly resolved        [Object],
46 silly resolved        [Object],
46 silly resolved        [Object],
46 silly resolved        [Object],
46 silly resolved        [Object],
46 silly resolved        [Object],
46 silly resolved        [Object],
46 silly resolved        [Object],
46 silly resolved        [Object],
46 silly resolved        [Object],
46 silly resolved        [Object],
46 silly resolved        [Object],
46 silly resolved        [Object],
46 silly resolved        [Object],
46 silly resolved        [Object],
46 silly resolved        [Object],
46 silly resolved        [Object],
46 silly resolved        [Object],
46 silly resolved        [Object],
46 silly resolved        [Object],
46 silly resolved        [Object],
46 silly resolved        [Object],
46 silly resolved        [Object],
46 silly resolved        [Object],
46 silly resolved        [Object],
46 silly resolved        [Object],
46 silly resolved        [Object],
46 silly resolved        [Object],
46 silly resolved        [Object],
46 silly resolved        [Object],
46 silly resolved        [Object],
46 silly resolved        [Object],
46 silly resolved        [Object],
46 silly resolved        [Object],
46 silly resolved        [Object],
46 silly resolved        [Object],
46 silly resolved        [Object],
46 silly resolved        [Object],
46 silly resolved        [Object],
46 silly resolved        [Object],
46 silly resolved        [Object],
46 silly resolved        [Object],
46 silly resolved        [Object],
46 silly resolved        [Object],
46 silly resolved        [Object],
46 silly resolved        [Object],
46 silly resolved        [Object],
46 silly resolved        [Object],
46 silly resolved        [Object],
46 silly resolved        [Object],
46 silly resolved        [Object],
46 silly resolved        [Object],
46 silly resolved        [Object],
46 silly resolved        [Object],
46 silly resolved        [Object],
46 silly resolved        [Object],
46 silly resolved        [Object],
46 silly resolved        [Object],
46 silly resolved        [Object],
46 silly resolved        [Object],
46 silly resolved        [Object],
46 silly resolved        [Object],
46 silly resolved        [Object],
46 silly resolved        [Object],
46 silly resolved        [Object],
46 silly resolved        [Object],
46 silly resolved        [Object],
46 silly resolved        [Object],
46 silly resolved        [Object],
46 silly resolved        [Object],
46 silly resolved        [Object],
46 silly resolved        [Object],
46 silly resolved        [Object],
46 silly resolved        [Object],
46 silly resolved        [Object],
46 silly resolved        [Object],
46 silly resolved        [Object],
46 silly resolved        [Object],
46 silly resolved        [Object],
46 silly resolved        [Object],
46 silly resolved        [Object],
46 silly resolved        [Object],
46 silly resolved        [Object],
46 silly resolved        [Object],
46 silly resolved        [Object],
46 silly resolved        [Object],
46 silly resolved        [Object],
46 silly resolved        [Object],
46 silly resolved        [Object],
46 silly resolved        [Object],
46 silly resolved        [Object],
46 silly resolved        [Object],
46 silly resolved        [Object],
46 silly resolved        [Object],
46 silly resolved        [Object],
46 silly resolved        [Object],
46 silly resolved        [Object],
46 silly resolved        [Object],
46 silly resolved        [Object],
46 silly resolved        [Object],
46 silly resolved        [Object],
46 silly resolved        [Object],
46 silly resolved        [Object],
46 silly resolved        [Object],
46 silly resolved        [Object],
46 silly resolved        [Object],
46 silly resolved        [Object],
46 silly resolved        [Object],
46 silly resolved        [Object],
46 silly resolved        [Object],
46 silly resolved        [Object],
46 silly resolved        [Object],
46 silly resolved        [Object],
46 silly resolved        [Object],
46 silly resolved        [Object],
46 silly resolved        [Object],
46 silly resolved        [Object],
46 silly resolved        [Object],
46 silly resolved        [Object],
46 silly resolved        [Object],
46 silly resolved        [Object],
46 silly resolved        [Object],
46 silly resolved        [Object],
46 silly resolved        [Object],
46 silly resolved        [Object],
46 silly resolved        [Object],
46 silly resolved        [Object],
46 silly resolved        [Object],
46 silly resolved        [Object],
46 silly resolved        [Object],
46 silly resolved        [Object],
46 silly resolved        [Object],
46 silly resolved        [Object],
46 silly resolved        [Object],
46 silly resolved        [Object],
46 silly resolved        [Object],
46 silly resolved        [Object],
46 silly resolved        [Object],
46 silly resolved        [Object],
46 silly resolved        [Object],
46 silly resolved        [Object],
46 silly resolved        [Object],
46 silly resolved        [Object],
46 silly resolved        [Object],
46 silly resolved        [Object] ],
46 silly resolved     man:
46 silly resolved      [ '/Users/zkat/Documents/code/npm/man/man1/npm-access.1',
46 silly resolved        '/Users/zkat/Documents/code/npm/man/man1/npm-adduser.1',
46 silly resolved        '/Users/zkat/Documents/code/npm/man/man1/npm-bin.1',
46 silly resolved        '/Users/zkat/Documents/code/npm/man/man1/npm-bugs.1',
46 silly resolved        '/Users/zkat/Documents/code/npm/man/man1/npm-build.1',
46 silly resolved        '/Users/zkat/Documents/code/npm/man/man1/npm-bundle.1',
46 silly resolved        '/Users/zkat/Documents/code/npm/man/man1/npm-cache.1',
46 silly resolved        '/Users/zkat/Documents/code/npm/man/man1/npm-completion.1',
46 silly resolved        '/Users/zkat/Documents/code/npm/man/man1/npm-config.1',
46 silly resolved        '/Users/zkat/Documents/code/npm/man/man1/npm-dedupe.1',
46 silly resolved        '/Users/zkat/Documents/code/npm/man/man1/npm-deprecate.1',
46 silly resolved        '/Users/zkat/Documents/code/npm/man/man1/npm-dist-tag.1',
46 silly resolved        '/Users/zkat/Documents/code/npm/man/man1/npm-docs.1',
46 silly resolved        '/Users/zkat/Documents/code/npm/man/man1/npm-edit.1',
46 silly resolved        '/Users/zkat/Documents/code/npm/man/man1/npm-explore.1',
46 silly resolved        '/Users/zkat/Documents/code/npm/man/man1/npm-help-search.1',
46 silly resolved        '/Users/zkat/Documents/code/npm/man/man1/npm-help.1',
46 silly resolved        '/Users/zkat/Documents/code/npm/man/man1/npm-init.1',
46 silly resolved        '/Users/zkat/Documents/code/npm/man/man1/npm-install-test.1',
46 silly resolved        '/Users/zkat/Documents/code/npm/man/man1/npm-install.1',
46 silly resolved        '/Users/zkat/Documents/code/npm/man/man1/npm-link.1',
46 silly resolved        '/Users/zkat/Documents/code/npm/man/man1/npm-logout.1',
46 silly resolved        '/Users/zkat/Documents/code/npm/man/man1/npm-ls.1',
46 silly resolved        '/Users/zkat/Documents/code/npm/man/man1/npm-outdated.1',
46 silly resolved        '/Users/zkat/Documents/code/npm/man/man1/npm-owner.1',
46 silly resolved        '/Users/zkat/Documents/code/npm/man/man1/npm-pack.1',
46 silly resolved        '/Users/zkat/Documents/code/npm/man/man1/npm-ping.1',
46 silly resolved        '/Users/zkat/Documents/code/npm/man/man1/npm-prefix.1',
46 silly resolved        '/Users/zkat/Documents/code/npm/man/man1/npm-prune.1',
46 silly resolved        '/Users/zkat/Documents/code/npm/man/man1/npm-publish.1',
46 silly resolved        '/Users/zkat/Documents/code/npm/man/man1/npm-README.1',
46 silly resolved        '/Users/zkat/Documents/code/npm/man/man1/npm-rebuild.1',
46 silly resolved        '/Users/zkat/Documents/code/npm/man/man1/npm-repo.1',
46 silly resolved        '/Users/zkat/Documents/code/npm/man/man1/npm-restart.1',
46 silly resolved        '/Users/zkat/Documents/code/npm/man/man1/npm-root.1',
46 silly resolved        '/Users/zkat/Documents/code/npm/man/man1/npm-run-script.1',
46 silly resolved        '/Users/zkat/Documents/code/npm/man/man1/npm-search.1',
46 silly resolved        '/Users/zkat/Documents/code/npm/man/man1/npm-shrinkwrap.1',
46 silly resolved        '/Users/zkat/Documents/code/npm/man/man1/npm-star.1',
46 silly resolved        '/Users/zkat/Documents/code/npm/man/man1/npm-stars.1',
46 silly resolved        '/Users/zkat/Documents/code/npm/man/man1/npm-start.1',
46 silly resolved        '/Users/zkat/Documents/code/npm/man/man1/npm-stop.1',
46 silly resolved        '/Users/zkat/Documents/code/npm/man/man1/npm-tag.1',
46 silly resolved        '/Users/zkat/Documents/code/npm/man/man1/npm-team.1',
46 silly resolved        '/Users/zkat/Documents/code/npm/man/man1/npm-test.1',
46 silly resolved        '/Users/zkat/Documents/code/npm/man/man1/npm-uninstall.1',
46 silly resolved        '/Users/zkat/Documents/code/npm/man/man1/npm-unpublish.1',
46 silly resolved        '/Users/zkat/Documents/code/npm/man/man1/npm-update.1',
46 silly resolved        '/Users/zkat/Documents/code/npm/man/man1/npm-version.1',
46 silly resolved        '/Users/zkat/Documents/code/npm/man/man1/npm-view.1',
46 silly resolved        '/Users/zkat/Documents/code/npm/man/man1/npm-whoami.1',
46 silly resolved        '/Users/zkat/Documents/code/npm/man/man1/npm.1',
46 silly resolved        '/Users/zkat/Documents/code/npm/man/man5/npm-folders.5',
46 silly resolved        '/Users/zkat/Documents/code/npm/man/man5/npm-global.5',
46 silly resolved        '/Users/zkat/Documents/code/npm/man/man5/npm-json.5',
46 silly resolved        '/Users/zkat/Documents/code/npm/man/man5/npmrc.5',
46 silly resolved        '/Users/zkat/Documents/code/npm/man/man5/package.json.5',
46 silly resolved        '/Users/zkat/Documents/code/npm/man/man7/npm-coding-style.7',
46 silly resolved        '/Users/zkat/Documents/code/npm/man/man7/npm-config.7',
46 silly resolved        '/Users/zkat/Documents/code/npm/man/man7/npm-developers.7',
46 silly resolved        '/Users/zkat/Documents/code/npm/man/man7/npm-disputes.7',
46 silly resolved        '/Users/zkat/Documents/code/npm/man/man7/npm-index.7',
46 silly resolved        '/Users/zkat/Documents/code/npm/man/man7/npm-orgs.7',
46 silly resolved        '/Users/zkat/Documents/code/npm/man/man7/npm-registry.7',
46 silly resolved        '/Users/zkat/Documents/code/npm/man/man7/npm-scope.7',
46 silly resolved        '/Users/zkat/Documents/code/npm/man/man7/npm-scripts.7',
46 silly resolved        '/Users/zkat/Documents/code/npm/man/man7/removing-npm.7',
46 silly resolved        '/Users/zkat/Documents/code/npm/man/man7/semver.7' ],
46 silly resolved     gitHead: '9dd4848bbcbae1c1d8778dc51cd88c8b5d771c71',
46 silly resolved     _id: 'npm@3.9.6',
46 silly resolved     _shasum: '0ef1d272a069ad95bdca8b2dfe6fcd82f4b461d7',
46 silly resolved     _from: 'npm@',
46 silly resolved     _npmVersion: '3.9.6',
46 silly resolved     _nodeVersion: '5.10.1',
46 silly resolved     _npmUser: { name: 'zkat', email: 'kat@sykosomatic.org' },
46 silly resolved     dist:
46 silly resolved      { shasum: '0ef1d272a069ad95bdca8b2dfe6fcd82f4b461d7',
46 silly resolved        tarball: 'https://registry.npmjs.org/npm/-/npm-3.9.6.tgz' },
46 silly resolved     maintainers: [ [Object], [Object], [Object], [Object] ],
46 silly resolved     _npmOperationalInternal:
46 silly resolved      { host: 'packages-12-west.internal.npmjs.com',
46 silly resolved        tmp: 'tmp/npm-3.9.6.tgz_1464911936308_0.8960385196842253' },
46 silly resolved     _resolved: 'https://registry.npmjs.org/npm/-/npm-3.9.6.tgz' } ]
47 info install npm@3.9.6 into /usr/local/lib
48 info installOne npm@3.9.6
49 verbose lib/node_modules/npm unbuild
50 info preuninstall npm@1.4.21
51 info uninstall npm@1.4.21
52 verbose true,/usr/local/lib/node_modules,/usr/local/lib/node_modules unbuild npm@1.4.21
53 verbose /usr/local/bin,[object Object] binRoot
54 info postuninstall npm@1.4.21
55 verbose lib/node_modules/npm unbuild
56 info preuninstall npm@1.4.21
57 info uninstall npm@1.4.21
58 verbose true,/usr/local/lib/node_modules,/usr/local/lib/node_modules unbuild npm@1.4.21
59 verbose /usr/local/bin,[object Object] binRoot
60 info postuninstall npm@1.4.21
61 error error rolling back Error: EACCES, unlink '/usr/local/lib/node_modules/npm'
61 error error rolling back  npm@3.9.6 { [Error: EACCES, unlink '/usr/local/lib/node_modules/npm']
61 error error rolling back   errno: 3,
61 error error rolling back   code: 'EACCES',
61 error error rolling back   path: '/usr/local/lib/node_modules/npm' }
62 error Error: EACCES, unlink '/usr/local/lib/node_modules/npm'
62 error  { [Error: EACCES, unlink '/usr/local/lib/node_modules/npm']
62 error   errno: 3,
62 error   code: 'EACCES',
62 error   path: '/usr/local/lib/node_modules/npm' }
63 error Please try running this command again as root/Administrator.
64 error System Darwin 15.5.0
65 error command "node" "/usr/local/bin/npm" "install" "-g" "npm"
66 error cwd /Users/Alex/Documents/Programming/Aquaforces
67 error node -v v0.10.30
68 error npm -v 1.4.21
69 error path /usr/local/lib/node_modules/npm
70 error code EACCES
71 error errno 3
72 error stack Error: EACCES, unlink '/usr/local/lib/node_modules/npm'
73 verbose exit [ 3, true ]
